Arguments: 
  /home/nick/.nvm/versions/node/v14.16.0/bin/node /usr/share/yarn/bin/yarn.js dev

PATH: 
  /home/nick/.nvm/versions/node/v14.16.0/bin:/usr/local/sbin:/usr/local/bin:/usr/sbin:/usr/bin:/sbin:/bin:/usr/games:/usr/local/games:/snap/bin

Yarn version: 
  1.22.5

Node version: 
  14.16.0

Platform: 
  linux x64

Trace: 
  SyntaxError: /home/nick/Desktop/Projects/advanced_react/backend/package.json: Unexpected token / in JSON at position 136
      at JSON.parse (<anonymous>)
      at /usr/share/yarn/lib/cli.js:1625:59
      at Generator.next (<anonymous>)
      at step (/usr/share/yarn/lib/cli.js:310:30)
      at /usr/share/yarn/lib/cli.js:321:13

npm manifest: 
  {
    "name": "sick-fits-backend",
    "version": "2.0.0",
    "private": true,
    "author": "Wes Bos",
    "license": "MIT",
    "scripts": {
      // "dev": "keystone-next",
      "dev" : "cross-env NODE_ENV=development DISABLE_LOGGING=true nodemon --exec keystone dev"
      "seed-data": "keystone-next --seed-data"
    },
    "eslintConfig": {
      "extends": "wesbos/typescript.js",
      "rules": {
        "@typescript-eslint/no-unsafe-assignment": 0
      }
    },
    "babel": {
      "presets": [
        [
          "@babel/preset-env",
          {
            "targets": {
              "node": 10,
              "browsers": [
                "last 2 chrome versions",
                "last 2 firefox versions",
                "last 2 safari versions",
                "last 2 edge versions"
              ]
            }
          }
        ],
        "@babel/preset-react",
        "@babel/preset-typescript"
      ]
    },
    "dependencies": {
      "@keystone-next/admin-ui": "^8.0.1",
      "@keystone-next/auth": "^14.0.0",
      "@keystone-next/cloudinary": "^2.0.9",
      "@keystone-next/fields": "^4.1.1",
      "@keystone-next/keystone": "^9.3.0",
      "@keystone-next/types": "^12.0.0",
      "@keystonejs/server-side-graphql-client": "^1.1.2",
      "@types/nodemailer": "^6.4.0",
      "cross-env": "^7.0.3",
      "dotenv": "^8.2.0",
      "next": "^10.0.5",
      "nodemailer": "^6.4.17",
      "nodemon": "^2.0.7",
      "react": "^16.14.0",
      "react-dom": "^16.14.0",
      "stripe": "^8.130.0"
    },
    "devDependencies": {
      "@typescript-eslint/eslint-plugin": "^4.9.0",
      "@typescript-eslint/parser": "^4.9.0",
      "babel-eslint": "^10.1.0",
      "eslint": "^7.14.0",
      "eslint-config-airbnb": "^18.2.1",
      "eslint-config-airbnb-typescript": "^12.0.0",
      "eslint-config-prettier": "^6.15.0",
      "eslint-config-wesbos": "^2.0.0-beta.4",
      "eslint-plugin-html": "^6.1.1",
      "eslint-plugin-import": "^2.22.1",
      "eslint-plugin-jsx-a11y": "^6.4.1",
      "eslint-plugin-prettier": "^3.1.4",
      "eslint-plugin-react": "^7.21.5",
      "eslint-plugin-react-hooks": "^4.2.0",
      "prettier": "^2.2.1",
      "typescript": "^4.1.2"
    },
    "engines": {
      "node": ">=14.0.0"
    },
    "repository": "https://github.com/wesbos/advanced-react"
  }

yarn manifest: 
  No manifest

Lockfile: 
  No lockfile
